<?xml version="1.0" encoding="UTF-8"?>
<!-- Generated by org.testng.reporters.JUnitXMLReporter -->
<testsuite ignored="0" hostname="DESKTOP-4I91AOD" failures="0" tests="3" name="Default test" time="62.747" errors="0" timestamp="2022-11-03T10:07:06 IST">
  <testcase classname="mytest.Program" name="searchBar" time="24.248"/>
  <testcase classname="mytest.Program" name="verifyLogo" time="5.527"/>
  <testcase classname="mytest.Program" name="verifyTitle" time="0.024"/>
</testsuite> <!-- Default test -->
