<?xml version="1.0" encoding="UTF-8"?>
<testng-results ignored="0" total="3" passed="3" failed="0" skipped="0">
  <reporter-output>
  </reporter-output>
  <suite started-at="2022-11-03T10:06:03 IST" name="Default suite" finished-at="2022-11-03T10:07:06 IST" duration-ms="62747">
    <groups>
    </groups>
    <test started-at="2022-11-03T10:06:03 IST" name="Default test" finished-at="2022-11-03T10:07:06 IST" duration-ms="62747">
      <class name="mytest.Program">
        <test-method is-config="true" signature="setUp()[pri:0, instance:mytest.Program@3e6ef8ad]" started-at="2022-11-03T10:06:03 IST" name="setUp" finished-at="2022-11-03T10:06:11 IST" duration-ms="8280" status="PASS">
          <reporter-output>
          </reporter-output>
        </test-method> <!-- setUp -->
        <test-method signature="searchBar()[pri:0, instance:mytest.Program@3e6ef8ad]" started-at="2022-11-03T10:06:11 IST" name="searchBar" finished-at="2022-11-03T10:06:36 IST" duration-ms="24248" status="PASS">
          <reporter-output>
          </reporter-output>
        </test-method> <!-- searchBar -->
        <test-method is-config="true" signature="tearDown()[pri:0, instance:mytest.Program@3e6ef8ad]" started-at="2022-11-03T10:06:36 IST" name="tearDown" finished-at="2022-11-03T10:06:38 IST" duration-ms="2195" status="PASS">
          <reporter-output>
          </reporter-output>
        </test-method> <!-- tearDown -->
        <test-method is-config="true" signature="setUp()[pri:0, instance:mytest.Program@3e6ef8ad]" started-at="2022-11-03T10:06:38 IST" name="setUp" finished-at="2022-11-03T10:06:51 IST" duration-ms="12966" status="PASS">
          <reporter-output>
          </reporter-output>
        </test-method> <!-- setUp -->
        <test-method signature="verifyLogo()[pri:0, instance:mytest.Program@3e6ef8ad]" started-at="2022-11-03T10:06:51 IST" name="verifyLogo" finished-at="2022-11-03T10:06:56 IST" duration-ms="5527" status="PASS">
          <reporter-output>
          </reporter-output>
        </test-method> <!-- verifyLogo -->
        <test-method is-config="true" signature="tearDown()[pri:0, instance:mytest.Program@3e6ef8ad]" started-at="2022-11-03T10:06:56 IST" name="tearDown" finished-at="2022-11-03T10:06:57 IST" duration-ms="427" status="PASS">
          <reporter-output>
          </reporter-output>
        </test-method> <!-- tearDown -->
        <test-method is-config="true" signature="setUp()[pri:0, instance:mytest.Program@3e6ef8ad]" started-at="2022-11-03T10:06:57 IST" name="setUp" finished-at="2022-11-03T10:07:05 IST" duration-ms="8509" status="PASS">
          <reporter-output>
          </reporter-output>
        </test-method> <!-- setUp -->
        <test-method signature="verifyTitle()[pri:0, instance:mytest.Program@3e6ef8ad]" started-at="2022-11-03T10:07:05 IST" name="verifyTitle" finished-at="2022-11-03T10:07:05 IST" duration-ms="24" status="PASS">
          <reporter-output>
          </reporter-output>
        </test-method> <!-- verifyTitle -->
        <test-method is-config="true" signature="tearDown()[pri:0, instance:mytest.Program@3e6ef8ad]" started-at="2022-11-03T10:07:05 IST" name="tearDown" finished-at="2022-11-03T10:07:06 IST" duration-ms="501" status="PASS">
          <reporter-output>
          </reporter-output>
        </test-method> <!-- tearDown -->
      </class> <!-- mytest.Program -->
    </test> <!-- Default test -->
  </suite> <!-- Default suite -->
</testng-results>
